Proceso ejecutado el dia 11/11/2016 a las 19:01:38,54 
DEBUG: Using PENTAHO_JAVA_HOME
DEBUG: _PENTAHO_JAVA_HOME=C:\app\pentaho-ee\java
DEBUG: _PENTAHO_JAVA=C:\app\pentaho-ee\java\bin\java.exe

C:\app\pentaho-ce\data-integration>"C:\app\pentaho-ee\java\bin\java.exe"  "-Xms1024m" "-Xmx2048m" "-XX:MaxPermSize=256m" "-Dhttps.protocols=TLSv1,TLSv1.1,TLSv1.2" "-Djava.library.path=libswt\win64" "-DKETTLE_HOME=" "-DKETTLE_REPOSITORY=" "-DKETTLE_USER=" "-DKETTLE_PASSWORD=" "-DKETTLE_PLUGIN_PACKAGES=" "-DKETTLE_LOG_SIZE_LIMIT=" "-DKETTLE_JNDI_ROOT=" -jar launcher\pentaho-application-launcher-6.1.0.1-196.jar -lib ..\libswt\win64  -main org.pentaho.di.kitchen.Kitchen /rep:"Carga Facturas XLS" /job:"Carga_Facturas" /level:Detailed 
19:01:44,024 INFO  [KarafInstance] 
*******************************************************************************
*** Karaf Instance Number: 1 at C:\app\pentaho-ce\data-integration\.\system ***
***   \karaf\caches\default\data-1                                          ***
*** Karaf Port:8802                                                         ***
*** OSGI Service Port:9051                                                  ***
*******************************************************************************
19:01:44,024 INFO  [KarafBoot] Checking to see if org.pentaho.clean.karaf.cache is enabled
nov 11, 2016 7:01:44 PM org.apache.karaf.main.Main launch
INFORMACIÓN: Installing and starting initial bundles
nov 11, 2016 7:01:48 PM org.apache.karaf.main.Main launch
INFORMACIÓN: All initial bundles installed and set to start
nov 11, 2016 7:01:49 PM org.apache.karaf.main.Main$KarafLockCallback lockAquired
INFORMACIÓN: Lock acquired. Setting startlevel to 100
2016/11/11 19:01:49 - Kitchen - Nivel de registro: Registro detallado
2016/11/11 19:01:49 - Kitchen - Comienzo de la ejecución.
2016/11/11 19:01:49 - RepositoriesMeta - No repositories file found in the local directory: C:\app\pentaho-ce\data-integration\repositories.xml
2016/11/11 19:01:49 - RepositoriesMeta - Reading repositories XML file: C:\Users\c\.kettle\repositories.xml
Creating configuration from org.apache.karaf.command.acl.scope_bundle.cfg
Creating configuration from pentaho.metaverse.cfg
Creating configuration from org.apache.karaf.command.acl.config.cfg
Creating configuration from jmx.acl.org.apache.karaf.security.jmx.cfg
Creating configuration from org.apache.karaf.command.acl.shell.cfg
Creating configuration from org.ops4j.pax.web.cfg
Creating configuration from org.apache.karaf.jaas.cfg
Creating configuration from org.apache.karaf.command.acl.kar.cfg
Creating configuration from jmx.acl.org.apache.karaf.bundle.cfg
Creating configuration from org.apache.karaf.command.acl.bundle.cfg
Creating configuration from jmx.acl.org.apache.karaf.config.cfg
Creating configuration from org.apache.karaf.management.cfg
Creating configuration from jmx.acl.cfg
Creating configuration from jmx.acl.java.lang.Memory.cfg
Creating configuration from org.apache.karaf.log.cfg
Creating configuration from org.pentaho.caching-default.cfg
Creating configuration from pentaho.marketplace.di.cfg
Creating configuration from org.ops4j.pax.logging.cfg
Creating configuration from org.apache.karaf.command.acl.system.cfg
Creating configuration from org.apache.karaf.features.obr.cfg
Creating configuration from org.apache.karaf.features.repos.cfg
Creating configuration from org.apache.karaf.features.cfg
Creating configuration from pentaho.geo.roles.cfg
2016/11/11 19:01:50 - cfgbuilder - Warning: The configuration parameter [org] is not supported by the default configuration builder for scheme: sftp
Creating configuration from org.ops4j.pax.url.mvn.cfg
Creating configuration from org.apache.felix.fileinstall-deploy.cfg
Creating configuration from org.apache.karaf.webconsole.cfg
Creating configuration from org.apache.karaf.command.acl.feature.cfg
Creating configuration from mondrian.cfg
Creating configuration from jmx.acl.osgi.compendium.cm.cfg
Creating configuration from org.apache.activemq.server-default.cfg
Creating configuration from org.apache.karaf.kar.cfg
Creating configuration from org.apache.karaf.shell.cfg
Creating configuration from org.apache.karaf.command.acl.jaas.cfg
Creating configuration from org.apache.activemq.webconsole.cfg
nov 11, 2016 7:02:01 PM org.pentaho.caching.impl.PentahoCacheManagerFactory$RegistrationHandler$1 onSuccess
INFORMACIÓN: New Caching Service registered
SLF4J: Class path contains multiple SLF4J bindings.
SLF4J: Found binding in [jar:file:/C:/app/pentaho-ce/data-integration/launcher/../lib/slf4j-log4j12-1.7.7.jar!/org/slf4j/impl/StaticLoggerBinder.class]
SLF4J: Found binding in [jar:file:/C:/app/pentaho-ce/data-integration/plugins/pentaho-big-data-plugin/lib/slf4j-log4j12-1.7.3.jar!/org/slf4j/impl/StaticLoggerBinder.class]
SLF4J: See http://www.slf4j.org/codes.html#multiple_bindings for an explanation.
SLF4J: Actual binding is of type [org.slf4j.impl.Log4jLoggerFactory]
2016/11/11 19:02:11 - Carga_Facturas - Ejecución del trabajo comenzada
2016/11/11 19:02:11 - Carga_Facturas - exec(0, 0, START.0)
2016/11/11 19:02:11 - START - Starting job entry
2016/11/11 19:02:11 - Carga_Facturas - Entrada de comienzo [Nombra Archivo]
2016/11/11 19:02:11 - Carga_Facturas - exec(1, 0, Nombra Archivo.0)
2016/11/11 19:02:11 - Nombra Archivo - Starting job entry
2016/11/11 19:02:11 - Nombra Archivo - Establecer el valor [C:\archivos\facturas] para la variablee [dir.path]
2016/11/11 19:02:11 - Nombra Archivo - Establecer el valor [invalid] para la variablee [filename]
2016/11/11 19:02:11 - Nombra Archivo - Establecer el valor [\.xlsx] para la variablee [dir.wildcard]
2016/11/11 19:02:11 - Carga_Facturas - Entrada de comienzo [Log Datos]
2016/11/11 19:02:11 - Carga_Facturas - exec(2, 0, Log Datos.0)
2016/11/11 19:02:11 - Log Datos - Starting job entry
2016/11/11 19:02:11 - Carga_Facturas - Entrada de comienzo [Lee Nombres]
2016/11/11 19:02:11 - Carga_Facturas - exec(3, 0, Lee Nombres.0)
2016/11/11 19:02:11 - Lee Nombres - Starting job entry
2016/11/11 19:02:11 - Lee Nombres - Abriendo transformación [null] en el directorio [/Proceso]
2016/11/11 19:02:11 - Lee Nombres - Cargando transformación del repositorio [a-Lee_Nombres] en el directorio [/Proceso]
2016/11/11 19:02:11 - Lee Nombres - Iniciando la transformación (archivo=null, nombre=Lee Nombres, repinfo=Lee nombre del archivo de entrada)
2016/11/11 19:02:11 - a-Lee_Nombres - Se ha precargado la transformación.
2016/11/11 19:02:11 - a-Lee_Nombres - Iniciado despacho de la transformación [a-Lee_Nombres]
2016/11/11 19:02:11 - a-Lee_Nombres - Número de argumentos detectados: 0 
2016/11/11 19:02:11 - a-Lee_Nombres - Esta no es una transformación de repetición
2016/11/11 19:02:11 - a-Lee_Nombres - Se han encontrado 3 pasos distintos para ejecutar.
2016/11/11 19:02:11 - a-Lee_Nombres - Preparando grupos de filas...
2016/11/11 19:02:11 - a-Lee_Nombres -  Preparando grupos de filas para el paso 0 --> Toma Nombre
2016/11/11 19:02:11 - a-Lee_Nombres -   1 copias previas, 1 copias siguientes
2016/11/11 19:02:11 - a-Lee_Nombres - La transformación ha asignado el nuevo grupo de filas [Toma Nombre.0 - Escribe Log.0]
2016/11/11 19:02:11 - a-Lee_Nombres -  Se han asignado 1 grupos de filas para el paso 0 --> Toma Nombre  
2016/11/11 19:02:11 - a-Lee_Nombres -  Preparando grupos de filas para el paso 1 --> Escribe Log
2016/11/11 19:02:11 - a-Lee_Nombres -   1 copias previas, 1 copias siguientes
2016/11/11 19:02:11 - a-Lee_Nombres - La transformación ha asignado el nuevo grupo de filas [Escribe Log.0 - Copiar Resultado.0]
2016/11/11 19:02:11 - a-Lee_Nombres -  Se han asignado 2 grupos de filas para el paso 1 --> Escribe Log  
2016/11/11 19:02:11 - a-Lee_Nombres -  Preparando grupos de filas para el paso 2 --> Copiar Resultado
2016/11/11 19:02:11 - a-Lee_Nombres -  Se han asignado 2 grupos de filas para el paso 2 --> Copiar Resultado  
2016/11/11 19:02:11 - a-Lee_Nombres - Preparando Pasos y Datos de Pasos...
2016/11/11 19:02:11 - a-Lee_Nombres -  La transformación va a asignar el paso [Toma Nombre] de tipo [GetFileNames]
2016/11/11 19:02:11 - Toma Nombre.0 - distribución activada
2016/11/11 19:02:11 - Toma Nombre.0 - Iniciando asignación de buffers & nuevos hilos...
2016/11/11 19:02:11 - Toma Nombre.0 - Información del paso: entradas=0 salidas=1
2016/11/11 19:02:11 - Toma Nombre.0 - relación de salida es  1:1
2016/11/11 19:02:11 - Toma Nombre.0 - Se ha encontrado el grupo de filas de salida [Toma Nombre.0 - Escribe Log.0]
2016/11/11 19:02:11 - Toma Nombre.0 - Despacho terminado
2016/11/11 19:02:11 - a-Lee_Nombres -  La transformación ha asignado un paso nuevo: [Toma Nombre].0
2016/11/11 19:02:11 - a-Lee_Nombres -  La transformación va a asignar el paso [Escribe Log] de tipo [WriteToLog]
2016/11/11 19:02:11 - Escribe Log.0 - distribución activada
2016/11/11 19:02:11 - Escribe Log.0 - Iniciando asignación de buffers & nuevos hilos...
2016/11/11 19:02:11 - Escribe Log.0 - Información del paso: entradas=1 salidas=1
2016/11/11 19:02:11 - Escribe Log.0 - Se obtuve el paso anterior de [Escribe Log] #0 --> Toma Nombre
2016/11/11 19:02:11 - Escribe Log.0 - relación de entrada es 1:1
2016/11/11 19:02:11 - Escribe Log.0 - Se ha encontrado el grupo de filas de entrada [Toma Nombre.0 - Escribe Log.0]
2016/11/11 19:02:11 - Escribe Log.0 - relación de salida es  1:1
2016/11/11 19:02:11 - Escribe Log.0 - Se ha encontrado el grupo de filas de salida [Escribe Log.0 - Copiar Resultado.0]
2016/11/11 19:02:11 - Escribe Log.0 - Despacho terminado
2016/11/11 19:02:11 - a-Lee_Nombres -  La transformación ha asignado un paso nuevo: [Escribe Log].0
2016/11/11 19:02:11 - a-Lee_Nombres -  La transformación va a asignar el paso [Copiar Resultado] de tipo [RowsToResult]
2016/11/11 19:02:11 - Copiar Resultado.0 - distribución activada
2016/11/11 19:02:11 - Copiar Resultado.0 - Iniciando asignación de buffers & nuevos hilos...
2016/11/11 19:02:11 - Copiar Resultado.0 - Información del paso: entradas=1 salidas=0
2016/11/11 19:02:11 - Copiar Resultado.0 - Se obtuve el paso anterior de [Copiar Resultado] #0 --> Escribe Log
2016/11/11 19:02:11 - Copiar Resultado.0 - relación de entrada es 1:1
2016/11/11 19:02:11 - Copiar Resultado.0 - Se ha encontrado el grupo de filas de entrada [Escribe Log.0 - Copiar Resultado.0]
2016/11/11 19:02:11 - Copiar Resultado.0 - Despacho terminado
2016/11/11 19:02:11 - a-Lee_Nombres -  La transformación ha asignado un paso nuevo: [Copiar Resultado].0
2016/11/11 19:02:11 - a-Lee_Nombres - Esta transformación se puede repetir con fecha: 2016/11/11 19:02:11
2016/11/11 19:02:11 - a-Lee_Nombres - Inicializando 3 pasos...
2016/11/11 19:02:11 - Toma Nombre.0 - Released server socket on port 0
2016/11/11 19:02:11 - Escribe Log.0 - Released server socket on port 0
2016/11/11 19:02:11 - Copiar Resultado.0 - Released server socket on port 0
2016/11/11 19:02:11 - a-Lee_Nombres - El paso [Toma Nombre.0] se ha inicializado correctamente.
2016/11/11 19:02:11 - a-Lee_Nombres - El paso [Escribe Log.0] se ha inicializado correctamente.
2016/11/11 19:02:11 - a-Lee_Nombres - El paso [Copiar Resultado.0] se ha inicializado correctamente.
2016/11/11 19:02:11 - Toma Nombre.0 - Iniciando ejecución...
2016/11/11 19:02:11 - Copiar Resultado.0 - Iniciando ejecución...
2016/11/11 19:02:11 - Escribe Log.0 - Iniciando ejecución...
2016/11/11 19:02:11 - Toma Nombre.0 - Procesamiento finalizado (EN=0, SA=0, LE=0, ES=0, AC=0, ER=0)
2016/11/11 19:02:11 - a-Lee_Nombres - La transformación ha asignado 3 hilos y 2 grupos de filas.
2016/11/11 19:02:11 - Escribe Log.0 - Procesamiento finalizado (EN=0, SA=0, LE=0, ES=0, AC=0, ER=0)
2016/11/11 19:02:11 - Copiar Resultado.0 - Procesamiento finalizado (EN=0, SA=0, LE=0, ES=0, AC=0, ER=0)
2016/11/11 19:02:11 - Carga_Facturas - Entrada de comienzo [Ciclo Archivos]
2016/11/11 19:02:11 - Carga_Facturas - exec(4, 0, Ciclo Archivos.0)
2016/11/11 19:02:11 - Ciclo Archivos - Starting job entry
2016/11/11 19:02:11 - Ciclo Archivos - Loading job from repository : [/Proceso : 1-Ciclo_Archivos]
2016/11/11 19:02:11 - Carga_Facturas - Entrada de comienzo [Carga DW]
2016/11/11 19:02:11 - Carga_Facturas - exec(5, 0, Carga DW.0)
2016/11/11 19:02:11 - Carga DW - Starting job entry
2016/11/11 19:02:11 - Carga DW - Abriendo transformación [null] en el directorio [/Proceso]
2016/11/11 19:02:11 - Carga DW - Cargando transformación del repositorio [d-Carga_DW] en el directorio [/Proceso]
2016/11/11 19:02:11 - Carga DW - Iniciando la transformación (archivo=null, nombre=Carga DW, repinfo=Ejecuta la carga del archivo)
2016/11/11 19:02:11 - d-Carga_DW - Se ha precargado la transformación.
2016/11/11 19:02:11 - d-Carga_DW - Iniciado despacho de la transformación [d-Carga_DW]
2016/11/11 19:02:11 - d-Carga_DW - Número de argumentos detectados: 0 
2016/11/11 19:02:11 - d-Carga_DW - Esta no es una transformación de repetición
2016/11/11 19:02:11 - d-Carga_DW - Se han encontrado 1 pasos distintos para ejecutar.
2016/11/11 19:02:11 - d-Carga_DW - Preparando grupos de filas...
2016/11/11 19:02:11 - d-Carga_DW -  Preparando grupos de filas para el paso 0 --> Carga DW
2016/11/11 19:02:11 - d-Carga_DW -  Se han asignado 0 grupos de filas para el paso 0 --> Carga DW  
2016/11/11 19:02:11 - d-Carga_DW - Preparando Pasos y Datos de Pasos...
2016/11/11 19:02:11 - d-Carga_DW -  La transformación va a asignar el paso [Carga DW] de tipo [ExecSQL]
2016/11/11 19:02:11 - Carga DW.0 - distribución activada
2016/11/11 19:02:11 - Carga DW.0 - Iniciando asignación de buffers & nuevos hilos...
2016/11/11 19:02:11 - Carga DW.0 - Información del paso: entradas=0 salidas=0
2016/11/11 19:02:11 - Carga DW.0 - Despacho terminado
2016/11/11 19:02:11 - d-Carga_DW -  La transformación ha asignado un paso nuevo: [Carga DW].0
2016/11/11 19:02:11 - d-Carga_DW - Esta transformación se puede repetir con fecha: 2016/11/11 19:02:11
2016/11/11 19:02:11 - d-Carga_DW - Inicializando 1 pasos...
2016/11/11 19:02:11 - Carga DW.0 - Released server socket on port 0
2016/11/11 19:02:11 - Facturas Mozart - New database connection defined
2016/11/11 19:02:11 - Carga DW.0 - Conectado a la base de datos...
2016/11/11 19:02:11 - d-Carga_DW - El paso [Carga DW.0] se ha inicializado correctamente.
2016/11/11 19:02:11 - d-Carga_DW - La transformación ha asignado 1 hilos y 0 grupos de filas.
2016/11/11 19:02:11 - Carga DW.0 - Iniciando ejecución...
2016/11/11 19:02:11 - Carga DW.0 - Terminado la lectura de la consulta, cerrando conexión.
2016/11/11 19:02:11 - Facturas Mozart - Connection to database closed!
2016/11/11 19:02:11 - Carga DW.0 - Procesamiento finalizado (EN=0, SA=0, LE=0, ES=1, AC=0, ER=0)
2016/11/11 19:02:11 - Carga_Facturas - Entrada de comienzo [Correcto]
2016/11/11 19:02:11 - Carga_Facturas - exec(6, 0, Correcto.0)
2016/11/11 19:02:11 - Correcto - Starting job entry
2016/11/11 19:02:11 - Carga_Facturas - Finalizó la entrada de trabajo [Correcto] (resultado=[true])
2016/11/11 19:02:11 - Carga_Facturas - Finalizó la entrada de trabajo [Carga DW] (resultado=[true])
2016/11/11 19:02:11 - Carga_Facturas - Finalizó la entrada de trabajo [Ciclo Archivos] (resultado=[true])
2016/11/11 19:02:11 - Carga_Facturas - Finalizó la entrada de trabajo [Lee Nombres] (resultado=[true])
2016/11/11 19:02:11 - Carga_Facturas - Finalizó la entrada de trabajo [Log Datos] (resultado=[true])
2016/11/11 19:02:11 - Carga_Facturas - Finalizó la entrada de trabajo [Nombra Archivo] (resultado=[true])
2016/11/11 19:02:11 - Carga_Facturas - Ejecución del trabajo finalizada
2016/11/11 19:02:11 - Kitchen - ¡Finalizado!
2016/11/11 19:02:11 - Kitchen - Comienzo=2016/11/11 19:01:49.524, Final=2016/11/11 19:02:11.737
2016/11/11 19:02:11 - Kitchen - El procesamiento terminó luego de 22 segundos.
Proceso Finalizado 
